Running: fuse.exe -relaunch -intstyle "ise" -incremental -lib "secureip" -o "C:/VLSI/243168/LAB05/Tester_Licznik_isim_beh.exe" -prj "C:/VLSI/243168/LAB05/Tester_Licznik_beh.prj" "work.Tester_Licznik" 
ISim P.20131013 (signature 0x7708f090)
Number of CPUs detected in this system: 8
Turning on mult-threading, number of parallel sub-compilation jobs: 16 
Determining compilation order of HDL files
Parsing VHDL file "C:/VLSI/243168/LAB05/Licznik.vhd" into library work
Parsing VHDL file "C:/VLSI/243168/LAB05/Tester_Licznik.vhd" into library work
Starting static elaboration
Completed static elaboration
Compiling package standard
Compiling package std_logic_1164
Compiling package std_logic_arith
Compiling package std_logic_unsigned
Compiling architecture licznik_arch of entity Licznik [licznik_default]
Compiling architecture behavior of entity tester_licznik
Time Resolution for simulation is 1ps.
Compiled 7 VHDL Units
Built simulation executable C:/VLSI/243168/LAB05/Tester_Licznik_isim_beh.exe
Fuse Memory Usage: 34572 KB
Fuse CPU Usage: 436 ms
