Running: fuse.exe -relaunch -intstyle "ise" -incremental -lib "secureip" -o "C:/VLSI/243168/LAB07/TEST_AUTO_isim_beh.exe" -prj "C:/VLSI/243168/LAB07/TEST_AUTO_beh.prj" "work.TEST_AUTO" 
ISim P.20131013 (signature 0x8ef4fb42)
Number of CPUs detected in this system: 8
Turning on mult-threading, number of parallel sub-compilation jobs: 16 
Determining compilation order of HDL files
Parsing VHDL file "C:/VLSI/243168/LAB07/AUTO.vhd" into library work
Parsing VHDL file "C:/VLSI/243168/LAB07/TEST_AUTO.vhd" into library work
Starting static elaboration
Completed static elaboration
Fuse Memory Usage: 161068 KB
Fuse CPU Usage: 171 ms
Compiling package standard
Compiling package std_logic_1164
Compiling package std_logic_arith
Compiling package std_logic_unsigned
Compiling architecture auto_arch of entity AUTO [auto_default]
Compiling architecture behavior of entity test_auto
Time Resolution for simulation is 1ps.
Waiting for 1 sub-compilation(s) to finish...
Compiled 7 VHDL Units
Built simulation executable C:/VLSI/243168/LAB07/TEST_AUTO_isim_beh.exe
Fuse Memory Usage: 178860 KB
Fuse CPU Usage: 280 ms
