Running: C:\Xilinx\14.7\ISE_DS\ISE\bin\nt64\unwrapped\fuse.exe -intstyle ise -incremental -lib secureip -o K:/Studia/S05/VLSI/243168/LAB08/PWM_tb_isim_beh.exe -prj K:/Studia/S05/VLSI/243168/LAB08/PWM_tb_beh.prj work.PWM_tb 
ISim P.20131013 (signature 0x7708f090)
Number of CPUs detected in this system: 4
Turning on mult-threading, number of parallel sub-compilation jobs: 8 
Determining compilation order of HDL files
Parsing VHDL file "K:/Studia/S05/VLSI/243168/LAB08/PWM.vhd" into library work
Parsing VHDL file "K:/Studia/S05/VLSI/243168/LAB08/PWM_test.vhd" into library work
Starting static elaboration
Completed static elaboration
Compiling package standard
Compiling package std_logic_1164
Compiling package std_logic_arith
Compiling package std_logic_unsigned
Compiling architecture pwm_arch of entity PWM [pwm_default]
Compiling architecture behavior of entity pwm_tb
Time Resolution for simulation is 1ps.
Waiting for 1 sub-compilation(s) to finish...
Compiled 7 VHDL Units
Built simulation executable K:/Studia/S05/VLSI/243168/LAB08/PWM_tb_isim_beh.exe
Fuse Memory Usage: 34396 KB
Fuse CPU Usage: 530 ms
