Command line:
   PWM_tb_isim_beh.exe
     -simmode  gui
     -simrunnum  1
     -socket  59169

Sat Jan 25 15:00:03 2020


 Elaboration Time: 0.046875 sec

 Current Memory Usage: 4687.89 Meg

 Total Signals          : 18
 Total Nets             : 47
 Total Signal Drivers   : 11
 Total Blocks           : 5
 Total Primitive Blocks : 4
 Total Processes        : 5
 Total Traceable Variables  : 11
 Total Scalar Nets and Variables : 426
Total Line Count : 89

** Failure:Assertion violation
User(VHDL) Code Called Simulation Stop
In process PWM_test.vhd:stim_proc 
 


 Total Simulation Time: 0.046875 sec

 Current Memory Usage: 4687.89 Meg

Sat Jan 25 15:00:10 2020

