Running: fuse.exe -relaunch -intstyle "ise" -incremental -lib "secureip" -o "C:/VLSI/243168/LAB06/TEST_Serializer_isim_beh.exe" -prj "C:/VLSI/243168/LAB06/TEST_Serializer_beh.prj" "work.TEST_Serializer" 
ISim P.20131013 (signature 0x8ef4fb42)
Number of CPUs detected in this system: 8
Turning on mult-threading, number of parallel sub-compilation jobs: 16 
Determining compilation order of HDL files
Parsing VHDL file "C:/VLSI/243168/LAB06/Serializer.vhd" into library work
Parsing VHDL file "C:/VLSI/243168/LAB06/TEST_Serializer.vhd" into library work
Starting static elaboration
Completed static elaboration
Fuse Memory Usage: 160940 KB
Fuse CPU Usage: 203 ms
Compiling package standard
Compiling package std_logic_1164
Compiling package std_logic_arith
Compiling package std_logic_unsigned
Compiling architecture serializer_arch of entity Serializer [serializer_default]
Compiling architecture test_serializer_arch of entity test_serializer
Time Resolution for simulation is 1ps.
Compiled 7 VHDL Units
Built simulation executable C:/VLSI/243168/LAB06/TEST_Serializer_isim_beh.exe
Fuse Memory Usage: 177708 KB
Fuse CPU Usage: 280 ms
