Running: C:\Xilinx\14.7\ISE_DS\ISE\bin\nt\unwrapped\fuse.exe -intstyle ise -incremental -lib secureip -o C:/VLSI/243168/Laby2/Tester_Sum2B_isim_beh.exe -prj C:/VLSI/243168/Laby2/Tester_Sum2B_beh.prj work.Tester_Sum2B 
ISim P.20131013 (signature 0x8ef4fb42)
Number of CPUs detected in this system: 8
Turning on mult-threading, number of parallel sub-compilation jobs: 16 
Determining compilation order of HDL files
Parsing VHDL file "C:/VLSI/243168/Laby2/SumatoP.vhd" into library work
Parsing VHDL file "C:/VLSI/243168/Laby2/suator.vhd" into library work
Parsing VHDL file "C:/VLSI/243168/Laby2/Sumator2B.vhd" into library work
Parsing VHDL file "C:/VLSI/243168/Laby2/Tester_Sum2B.vhd" into library work
Starting static elaboration
Completed static elaboration
Fuse Memory Usage: 160876 KB
Fuse CPU Usage: 156 ms
Compiling package standard
Compiling package std_logic_1164
Compiling architecture sumator_arch of entity Sumator [sumator_default]
Compiling architecture sumatorp_arch of entity SumatorP [sumatorp_default]
Compiling architecture sumator2b_arch of entity Sumator2B [sumator2b_default]
Compiling architecture tester_sum2b_arch of entity tester_sum2b
Time Resolution for simulation is 1ps.
Waiting for 1 sub-compilation(s) to finish...
Compiled 9 VHDL Units
Built simulation executable C:/VLSI/243168/Laby2/Tester_Sum2B_isim_beh.exe
Fuse Memory Usage: 172752 KB
Fuse CPU Usage: 202 ms
